;  LST file generated by mikroListExporter - v.2.0 
; Date/Time: 8/14/2024 1:27:52 PM
;----------------------------------------------

;Address Opcode 	ASM
0x0000	0x2816      	GOTO       22
_____DoICP:
;__Lib_System.c,6 :: 		
;__Lib_System.c,9 :: 		
0x0003	0x1283      	BCF        STATUS, 5
0x0004	0x1303      	BCF        STATUS, 6
0x0005	0x0827      	MOVF       ___DoICPAddr+1, 0
0x0006	0x008A      	MOVWF      PCLATH
;__Lib_System.c,10 :: 		
0x0007	0x0826      	MOVF       ___DoICPAddr, 0
0x0008	0x0082      	MOVWF      PCL
;__Lib_System.c,12 :: 		
L_end_____DoICP:
0x0009	0x0008      	RETURN
; end of _____DoICP
___CC2DW:
;__Lib_System.c,134 :: 		
;__Lib_System.c,137 :: 		
_CC2D_Loop1:
;__Lib_System.c,139 :: 		
0x000A	0x2003      	CALL       _____DoICP
0x000B	0x118A      	BCF        PCLATH, 3
0x000C	0x120A      	BCF        PCLATH, 4
;__Lib_System.c,141 :: 		
0x000D	0x0080      	MOVWF      INDF
;__Lib_System.c,142 :: 		
0x000E	0x0A84      	INCF       FSR, 1
;__Lib_System.c,143 :: 		
0x000F	0x0AA6      	INCF       ___DoICPAddr, 1
;__Lib_System.c,145 :: 		
0x0010	0x1903      	BTFSC      STATUS, 2
;__Lib_System.c,146 :: 		
0x0011	0x0AA7      	INCF       ___DoICPAddr+1, 1
;__Lib_System.c,147 :: 		
0x0012	0x03F0      	DECF       R0, 1
;__Lib_System.c,149 :: 		
0x0013	0x1D03      	BTFSS      STATUS, 2
;__Lib_System.c,150 :: 		
0x0014	0x280A      	GOTO       _CC2D_Loop1
;__Lib_System.c,152 :: 		
L_end___CC2DW:
0x0015	0x0008      	RETURN
; end of ___CC2DW
_main:
0x0016	0x1283      	BCF        STATUS, 5
0x0017	0x1303      	BCF        STATUS, 6
0x0018	0x01A0      	CLRF       _count3
0x0019	0x01A1      	CLRF       33
0x001A	0x01A2      	CLRF       _count2
0x001B	0x01A3      	CLRF       35
0x001C	0x01A4      	CLRF       _count
0x001D	0x01A5      	CLRF       37
;Final2.c,12 :: 		void main() {
;Final2.c,13 :: 		adcon1=0x07;
0x001E	0x3007      	MOVLW      7
0x001F	0x1683      	BSF        STATUS, 5
0x0020	0x009F      	MOVWF      ADCON1
;Final2.c,14 :: 		trisc=0b00110000;
0x0021	0x3030      	MOVLW      48
0x0022	0x0087      	MOVWF      TRISC
;Final2.c,15 :: 		trisa=1;
0x0023	0x3001      	MOVLW      1
0x0024	0x0085      	MOVWF      TRISA
;Final2.c,16 :: 		trisb=0;
0x0025	0x0186      	CLRF       TRISB
;Final2.c,17 :: 		trisd=0;
0x0026	0x0188      	CLRF       TRISD
;Final2.c,18 :: 		portc=15;
0x0027	0x300F      	MOVLW      15
0x0028	0x1283      	BCF        STATUS, 5
0x0029	0x0087      	MOVWF      PORTC
;Final2.c,19 :: 		Display=0;
0x002A	0x0186      	CLRF       PORTB
;Final2.c,20 :: 		portd=0;
0x002B	0x0188      	CLRF       PORTD
;Final2.c,22 :: 		for( ; ; ){
L_main0:
;Final2.c,23 :: 		if(SW_M_A==0){
0x002C	0x1A07      	BTFSC      PORTC, 4
0x002D	0x2942      	GOTO       L_main3
;Final2.c,24 :: 		portd=0;
0x002E	0x0188      	CLRF       PORTD
;Final2.c,25 :: 		for(count=2;count>=0;count--){
0x002F	0x3002      	MOVLW      2
0x0030	0x00A4      	MOVWF      _count
0x0031	0x3000      	MOVLW      0
0x0032	0x00A5      	MOVWF      _count+1
L_main4:
0x0033	0x3080      	MOVLW      128
0x0034	0x0625      	XORWF      _count+1, 0
0x0035	0x00F0      	MOVWF      R0
0x0036	0x3080      	MOVLW      128
0x0037	0x0270      	SUBWF      R0, 0
0x0038	0x1D03      	BTFSS      STATUS, 2
0x0039	0x283C      	GOTO       L__main75
0x003A	0x3000      	MOVLW      0
0x003B	0x0224      	SUBWF      _count, 0
L__main75:
0x003C	0x1C03      	BTFSS      STATUS, 0
0x003D	0x28B5      	GOTO       L_main5
;Final2.c,26 :: 		Display=count;
0x003E	0x0824      	MOVF       _count, 0
0x003F	0x0086      	MOVWF      PORTB
;Final2.c,27 :: 		for(count2=9;count2>=0;count2--){
0x0040	0x3009      	MOVLW      9
0x0041	0x00A2      	MOVWF      _count2
0x0042	0x3000      	MOVLW      0
0x0043	0x00A3      	MOVWF      _count2+1
L_main7:
0x0044	0x3080      	MOVLW      128
0x0045	0x0623      	XORWF      _count2+1, 0
0x0046	0x00F0      	MOVWF      R0
0x0047	0x3080      	MOVLW      128
0x0048	0x0270      	SUBWF      R0, 0
0x0049	0x1D03      	BTFSS      STATUS, 2
0x004A	0x284D      	GOTO       L__main76
0x004B	0x3000      	MOVLW      0
0x004C	0x0222      	SUBWF      _count2, 0
L__main76:
0x004D	0x1C03      	BTFSS      STATUS, 0
0x004E	0x28AC      	GOTO       L_main8
;Final2.c,28 :: 		if(count==2 && (count2>3)) continue;
0x004F	0x3000      	MOVLW      0
0x0050	0x0625      	XORWF      _count+1, 0
0x0051	0x1D03      	BTFSS      STATUS, 2
0x0052	0x2855      	GOTO       L__main77
0x0053	0x3002      	MOVLW      2
0x0054	0x0624      	XORWF      _count, 0
L__main77:
0x0055	0x1D03      	BTFSS      STATUS, 2
0x0056	0x2863      	GOTO       L_main12
0x0057	0x3080      	MOVLW      128
0x0058	0x00F0      	MOVWF      R0
0x0059	0x3080      	MOVLW      128
0x005A	0x0623      	XORWF      _count2+1, 0
0x005B	0x0270      	SUBWF      R0, 0
0x005C	0x1D03      	BTFSS      STATUS, 2
0x005D	0x2860      	GOTO       L__main78
0x005E	0x0822      	MOVF       _count2, 0
0x005F	0x3C03      	SUBLW      3
L__main78:
0x0060	0x1803      	BTFSC      STATUS, 0
0x0061	0x2863      	GOTO       L_main12
L__main73:
0x0062	0x28A7      	GOTO       L_main9
L_main12:
;Final2.c,29 :: 		Display=(count2<<4) | count;
0x0063	0x3004      	MOVLW      4
0x0064	0x00F1      	MOVWF      R1
0x0065	0x0822      	MOVF       _count2, 0
0x0066	0x00F0      	MOVWF      R0
0x0067	0x0871      	MOVF       R1, 0
L__main79:
0x0068	0x1903      	BTFSC      STATUS, 2
0x0069	0x286E      	GOTO       L__main80
0x006A	0x0DF0      	RLF        R0, 1
0x006B	0x1070      	BCF        R0, 0
0x006C	0x3EFF      	ADDLW      255
0x006D	0x2868      	GOTO       L__main79
L__main80:
0x006E	0x0824      	MOVF       _count, 0
0x006F	0x0470      	IORWF      R0, 0
0x0070	0x0086      	MOVWF      PORTB
;Final2.c,30 :: 		if(count==2 && count2==3) {LED_GREEN1=1;  LED_RED2=1;}
0x0071	0x3000      	MOVLW      0
0x0072	0x0625      	XORWF      _count+1, 0
0x0073	0x1D03      	BTFSS      STATUS, 2
0x0074	0x2877      	GOTO       L__main81
0x0075	0x3002      	MOVLW      2
0x0076	0x0624      	XORWF      _count, 0
L__main81:
0x0077	0x1D03      	BTFSS      STATUS, 2
0x0078	0x2883      	GOTO       L_main15
0x0079	0x3000      	MOVLW      0
0x007A	0x0623      	XORWF      _count2+1, 0
0x007B	0x1D03      	BTFSS      STATUS, 2
0x007C	0x287F      	GOTO       L__main82
0x007D	0x3003      	MOVLW      3
0x007E	0x0622      	XORWF      _count2, 0
L__main82:
0x007F	0x1D03      	BTFSS      STATUS, 2
0x0080	0x2883      	GOTO       L_main15
L__main72:
0x0081	0x1508      	BSF        PORTD, 2
0x0082	0x1588      	BSF        PORTD, 3
L_main15:
;Final2.c,31 :: 		if(count==0 && count2==3) {LED_GREEN1=0; LED_YELLOW1=1;}
0x0083	0x3000      	MOVLW      0
0x0084	0x0625      	XORWF      _count+1, 0
0x0085	0x1D03      	BTFSS      STATUS, 2
0x0086	0x2889      	GOTO       L__main83
0x0087	0x3000      	MOVLW      0
0x0088	0x0624      	XORWF      _count, 0
L__main83:
0x0089	0x1D03      	BTFSS      STATUS, 2
0x008A	0x2895      	GOTO       L_main18
0x008B	0x3000      	MOVLW      0
0x008C	0x0623      	XORWF      _count2+1, 0
0x008D	0x1D03      	BTFSS      STATUS, 2
0x008E	0x2891      	GOTO       L__main84
0x008F	0x3003      	MOVLW      3
0x0090	0x0622      	XORWF      _count2, 0
L__main84:
0x0091	0x1D03      	BTFSS      STATUS, 2
0x0092	0x2895      	GOTO       L_main18
L__main71:
0x0093	0x1108      	BCF        PORTD, 2
0x0094	0x1488      	BSF        PORTD, 1
L_main18:
;Final2.c,32 :: 		delay_ms(Wait);
0x0095	0x300B      	MOVLW      11
0x0096	0x00FB      	MOVWF      R11
0x0097	0x3026      	MOVLW      38
0x0098	0x00FC      	MOVWF      R12
0x0099	0x305D      	MOVLW      93
0x009A	0x00FD      	MOVWF      R13
L_main19:
0x009B	0x0BFD      	DECFSZ     R13, 1
0x009C	0x289B      	GOTO       L_main19
0x009D	0x0BFC      	DECFSZ     R12, 1
0x009E	0x289B      	GOTO       L_main19
0x009F	0x0BFB      	DECFSZ     R11, 1
0x00A0	0x289B      	GOTO       L_main19
0x00A1	0x0000      	NOP
0x00A2	0x0000      	NOP
;Final2.c,33 :: 		if(SW_M_A==1) {portd=0;break;}
0x00A3	0x1E07      	BTFSS      PORTC, 4
0x00A4	0x28A7      	GOTO       L_main20
0x00A5	0x0188      	CLRF       PORTD
0x00A6	0x28AC      	GOTO       L_main8
L_main20:
;Final2.c,34 :: 		}
L_main9:
;Final2.c,27 :: 		for(count2=9;count2>=0;count2--){
0x00A7	0x3001      	MOVLW      1
0x00A8	0x02A2      	SUBWF      _count2, 1
0x00A9	0x1C03      	BTFSS      STATUS, 0
0x00AA	0x03A3      	DECF       _count2+1, 1
;Final2.c,34 :: 		}
0x00AB	0x2844      	GOTO       L_main7
L_main8:
;Final2.c,35 :: 		if(SW_M_A==1) { portd=0;break;}
0x00AC	0x1E07      	BTFSS      PORTC, 4
0x00AD	0x28B0      	GOTO       L_main21
0x00AE	0x0188      	CLRF       PORTD
0x00AF	0x28B5      	GOTO       L_main5
L_main21:
;Final2.c,25 :: 		for(count=2;count>=0;count--){
0x00B0	0x3001      	MOVLW      1
0x00B1	0x02A4      	SUBWF      _count, 1
0x00B2	0x1C03      	BTFSS      STATUS, 0
0x00B3	0x03A5      	DECF       _count+1, 1
;Final2.c,36 :: 		}
0x00B4	0x2833      	GOTO       L_main4
L_main5:
;Final2.c,38 :: 		for(count=1;count>=0;count--){
0x00B5	0x3001      	MOVLW      1
0x00B6	0x00A4      	MOVWF      _count
0x00B7	0x3000      	MOVLW      0
0x00B8	0x00A5      	MOVWF      _count+1
L_main22:
0x00B9	0x3080      	MOVLW      128
0x00BA	0x0625      	XORWF      _count+1, 0
0x00BB	0x00F0      	MOVWF      R0
0x00BC	0x3080      	MOVLW      128
0x00BD	0x0270      	SUBWF      R0, 0
0x00BE	0x1D03      	BTFSS      STATUS, 2
0x00BF	0x28C2      	GOTO       L__main85
0x00C0	0x3000      	MOVLW      0
0x00C1	0x0224      	SUBWF      _count, 0
L__main85:
0x00C2	0x1C03      	BTFSS      STATUS, 0
0x00C3	0x2941      	GOTO       L_main23
;Final2.c,39 :: 		if(SW_M_A==1) { portd=0;break;}
0x00C4	0x1E07      	BTFSS      PORTC, 4
0x00C5	0x28C8      	GOTO       L_main25
0x00C6	0x0188      	CLRF       PORTD
0x00C7	0x2941      	GOTO       L_main23
L_main25:
;Final2.c,40 :: 		Display=count;
0x00C8	0x0824      	MOVF       _count, 0
0x00C9	0x0086      	MOVWF      PORTB
;Final2.c,41 :: 		for(count2=9;count2>=0;count2--){
0x00CA	0x3009      	MOVLW      9
0x00CB	0x00A2      	MOVWF      _count2
0x00CC	0x3000      	MOVLW      0
0x00CD	0x00A3      	MOVWF      _count2+1
L_main26:
0x00CE	0x3080      	MOVLW      128
0x00CF	0x0623      	XORWF      _count2+1, 0
0x00D0	0x00F0      	MOVWF      R0
0x00D1	0x3080      	MOVLW      128
0x00D2	0x0270      	SUBWF      R0, 0
0x00D3	0x1D03      	BTFSS      STATUS, 2
0x00D4	0x28D7      	GOTO       L__main86
0x00D5	0x3000      	MOVLW      0
0x00D6	0x0222      	SUBWF      _count2, 0
L__main86:
0x00D7	0x1C03      	BTFSS      STATUS, 0
0x00D8	0x2938      	GOTO       L_main27
;Final2.c,42 :: 		if(count==1 && (count2>5)) continue;
0x00D9	0x3000      	MOVLW      0
0x00DA	0x0625      	XORWF      _count+1, 0
0x00DB	0x1D03      	BTFSS      STATUS, 2
0x00DC	0x28DF      	GOTO       L__main87
0x00DD	0x3001      	MOVLW      1
0x00DE	0x0624      	XORWF      _count, 0
L__main87:
0x00DF	0x1D03      	BTFSS      STATUS, 2
0x00E0	0x28ED      	GOTO       L_main31
0x00E1	0x3080      	MOVLW      128
0x00E2	0x00F0      	MOVWF      R0
0x00E3	0x3080      	MOVLW      128
0x00E4	0x0623      	XORWF      _count2+1, 0
0x00E5	0x0270      	SUBWF      R0, 0
0x00E6	0x1D03      	BTFSS      STATUS, 2
0x00E7	0x28EA      	GOTO       L__main88
0x00E8	0x0822      	MOVF       _count2, 0
0x00E9	0x3C05      	SUBLW      5
L__main88:
0x00EA	0x1803      	BTFSC      STATUS, 0
0x00EB	0x28ED      	GOTO       L_main31
L__main70:
0x00EC	0x2933      	GOTO       L_main28
L_main31:
;Final2.c,43 :: 		Display=(count2<<4) | count;
0x00ED	0x3004      	MOVLW      4
0x00EE	0x00F1      	MOVWF      R1
0x00EF	0x0822      	MOVF       _count2, 0
0x00F0	0x00F0      	MOVWF      R0
0x00F1	0x0871      	MOVF       R1, 0
L__main89:
0x00F2	0x1903      	BTFSC      STATUS, 2
0x00F3	0x28F8      	GOTO       L__main90
0x00F4	0x0DF0      	RLF        R0, 1
0x00F5	0x1070      	BCF        R0, 0
0x00F6	0x3EFF      	ADDLW      255
0x00F7	0x28F2      	GOTO       L__main89
L__main90:
0x00F8	0x0824      	MOVF       _count, 0
0x00F9	0x0470      	IORWF      R0, 0
0x00FA	0x0086      	MOVWF      PORTB
;Final2.c,44 :: 		if(count==1 && count2==5) {LED_YELLOW1=0;  LED_RED2=0;LED_YELLOW2=1;LED_RED1=1;}
0x00FB	0x3000      	MOVLW      0
0x00FC	0x0625      	XORWF      _count+1, 0
0x00FD	0x1D03      	BTFSS      STATUS, 2
0x00FE	0x2901      	GOTO       L__main91
0x00FF	0x3001      	MOVLW      1
0x0100	0x0624      	XORWF      _count, 0
L__main91:
0x0101	0x1D03      	BTFSS      STATUS, 2
0x0102	0x290F      	GOTO       L_main34
0x0103	0x3000      	MOVLW      0
0x0104	0x0623      	XORWF      _count2+1, 0
0x0105	0x1D03      	BTFSS      STATUS, 2
0x0106	0x2909      	GOTO       L__main92
0x0107	0x3005      	MOVLW      5
0x0108	0x0622      	XORWF      _count2, 0
L__main92:
0x0109	0x1D03      	BTFSS      STATUS, 2
0x010A	0x290F      	GOTO       L_main34
L__main69:
0x010B	0x1088      	BCF        PORTD, 1
0x010C	0x1188      	BCF        PORTD, 3
0x010D	0x1608      	BSF        PORTD, 4
0x010E	0x1408      	BSF        PORTD, 0
L_main34:
;Final2.c,45 :: 		if(count==1 && count2==2) {LED_YELLOW2=0;LED_GREEN2=1; }
0x010F	0x3000      	MOVLW      0
0x0110	0x0625      	XORWF      _count+1, 0
0x0111	0x1D03      	BTFSS      STATUS, 2
0x0112	0x2915      	GOTO       L__main93
0x0113	0x3001      	MOVLW      1
0x0114	0x0624      	XORWF      _count, 0
L__main93:
0x0115	0x1D03      	BTFSS      STATUS, 2
0x0116	0x2921      	GOTO       L_main37
0x0117	0x3000      	MOVLW      0
0x0118	0x0623      	XORWF      _count2+1, 0
0x0119	0x1D03      	BTFSS      STATUS, 2
0x011A	0x291D      	GOTO       L__main94
0x011B	0x3002      	MOVLW      2
0x011C	0x0622      	XORWF      _count2, 0
L__main94:
0x011D	0x1D03      	BTFSS      STATUS, 2
0x011E	0x2921      	GOTO       L_main37
L__main68:
0x011F	0x1208      	BCF        PORTD, 4
0x0120	0x1688      	BSF        PORTD, 5
L_main37:
;Final2.c,46 :: 		delay_ms(Wait);
0x0121	0x300B      	MOVLW      11
0x0122	0x00FB      	MOVWF      R11
0x0123	0x3026      	MOVLW      38
0x0124	0x00FC      	MOVWF      R12
0x0125	0x305D      	MOVLW      93
0x0126	0x00FD      	MOVWF      R13
L_main38:
0x0127	0x0BFD      	DECFSZ     R13, 1
0x0128	0x2927      	GOTO       L_main38
0x0129	0x0BFC      	DECFSZ     R12, 1
0x012A	0x2927      	GOTO       L_main38
0x012B	0x0BFB      	DECFSZ     R11, 1
0x012C	0x2927      	GOTO       L_main38
0x012D	0x0000      	NOP
0x012E	0x0000      	NOP
;Final2.c,47 :: 		if(SW_M_A==1) {portd=0;break;}
0x012F	0x1E07      	BTFSS      PORTC, 4
0x0130	0x2933      	GOTO       L_main39
0x0131	0x0188      	CLRF       PORTD
0x0132	0x2938      	GOTO       L_main27
L_main39:
;Final2.c,48 :: 		}
L_main28:
;Final2.c,41 :: 		for(count2=9;count2>=0;count2--){
0x0133	0x3001      	MOVLW      1
0x0134	0x02A2      	SUBWF      _count2, 1
0x0135	0x1C03      	BTFSS      STATUS, 0
0x0136	0x03A3      	DECF       _count2+1, 1
;Final2.c,48 :: 		}
0x0137	0x28CE      	GOTO       L_main26
L_main27:
;Final2.c,49 :: 		if(SW_M_A==1) { portd=0;break;}
0x0138	0x1E07      	BTFSS      PORTC, 4
0x0139	0x293C      	GOTO       L_main40
0x013A	0x0188      	CLRF       PORTD
0x013B	0x2941      	GOTO       L_main23
L_main40:
;Final2.c,38 :: 		for(count=1;count>=0;count--){
0x013C	0x3001      	MOVLW      1
0x013D	0x02A4      	SUBWF      _count, 1
0x013E	0x1C03      	BTFSS      STATUS, 0
0x013F	0x03A5      	DECF       _count+1, 1
;Final2.c,50 :: 		}
0x0140	0x28B9      	GOTO       L_main22
L_main23:
;Final2.c,52 :: 		}
0x0141	0x29F4      	GOTO       L_main41
L_main3:
;Final2.c,56 :: 		Display=0;
0x0142	0x0186      	CLRF       PORTB
;Final2.c,58 :: 		if (SW_M==0){  //West Street
0x0143	0x1A87      	BTFSC      PORTC, 5
0x0144	0x299D      	GOTO       L_main42
;Final2.c,59 :: 		LED_GREEN2=0;   LED_RED1=0;
0x0145	0x1288      	BCF        PORTD, 5
0x0146	0x1008      	BCF        PORTD, 0
;Final2.c,60 :: 		LED_YELLOW2=1;  LED_YELLOW1=1;
0x0147	0x1608      	BSF        PORTD, 4
0x0148	0x1488      	BSF        PORTD, 1
;Final2.c,61 :: 		for(count3=3;count3>=0;count3--){
0x0149	0x3003      	MOVLW      3
0x014A	0x00A0      	MOVWF      _count3
0x014B	0x3000      	MOVLW      0
0x014C	0x00A1      	MOVWF      _count3+1
L_main43:
0x014D	0x3080      	MOVLW      128
0x014E	0x0621      	XORWF      _count3+1, 0
0x014F	0x00F0      	MOVWF      R0
0x0150	0x3080      	MOVLW      128
0x0151	0x0270      	SUBWF      R0, 0
0x0152	0x1D03      	BTFSS      STATUS, 2
0x0153	0x2956      	GOTO       L__main95
0x0154	0x3000      	MOVLW      0
0x0155	0x0220      	SUBWF      _count3, 0
L__main95:
0x0156	0x1C03      	BTFSS      STATUS, 0
0x0157	0x2992      	GOTO       L_main44
;Final2.c,62 :: 		if(count3==0){Display=count3<<4;break;}
0x0158	0x3000      	MOVLW      0
0x0159	0x0621      	XORWF      _count3+1, 0
0x015A	0x1D03      	BTFSS      STATUS, 2
0x015B	0x295E      	GOTO       L__main96
0x015C	0x3000      	MOVLW      0
0x015D	0x0620      	XORWF      _count3, 0
L__main96:
0x015E	0x1D03      	BTFSS      STATUS, 2
0x015F	0x296E      	GOTO       L_main46
0x0160	0x3004      	MOVLW      4
0x0161	0x00F1      	MOVWF      R1
0x0162	0x0820      	MOVF       _count3, 0
0x0163	0x00F0      	MOVWF      R0
0x0164	0x0871      	MOVF       R1, 0
L__main97:
0x0165	0x1903      	BTFSC      STATUS, 2
0x0166	0x296B      	GOTO       L__main98
0x0167	0x0DF0      	RLF        R0, 1
0x0168	0x1070      	BCF        R0, 0
0x0169	0x3EFF      	ADDLW      255
0x016A	0x2965      	GOTO       L__main97
L__main98:
0x016B	0x0870      	MOVF       R0, 0
0x016C	0x0086      	MOVWF      PORTB
0x016D	0x2992      	GOTO       L_main44
L_main46:
;Final2.c,64 :: 		Display=count3<<4;delay_ms(Wait);}
0x016E	0x3004      	MOVLW      4
0x016F	0x00F1      	MOVWF      R1
0x0170	0x0820      	MOVF       _count3, 0
0x0171	0x00F0      	MOVWF      R0
0x0172	0x0871      	MOVF       R1, 0
L__main99:
0x0173	0x1903      	BTFSC      STATUS, 2
0x0174	0x2979      	GOTO       L__main100
0x0175	0x0DF0      	RLF        R0, 1
0x0176	0x1070      	BCF        R0, 0
0x0177	0x3EFF      	ADDLW      255
0x0178	0x2973      	GOTO       L__main99
L__main100:
0x0179	0x0870      	MOVF       R0, 0
0x017A	0x0086      	MOVWF      PORTB
0x017B	0x300B      	MOVLW      11
0x017C	0x00FB      	MOVWF      R11
0x017D	0x3026      	MOVLW      38
0x017E	0x00FC      	MOVWF      R12
0x017F	0x305D      	MOVLW      93
0x0180	0x00FD      	MOVWF      R13
L_main48:
0x0181	0x0BFD      	DECFSZ     R13, 1
0x0182	0x2981      	GOTO       L_main48
0x0183	0x0BFC      	DECFSZ     R12, 1
0x0184	0x2981      	GOTO       L_main48
0x0185	0x0BFB      	DECFSZ     R11, 1
0x0186	0x2981      	GOTO       L_main48
0x0187	0x0000      	NOP
0x0188	0x0000      	NOP
;Final2.c,65 :: 		if(SW_M_A==0) { portd=0;break;}
0x0189	0x1A07      	BTFSC      PORTC, 4
0x018A	0x298D      	GOTO       L_main49
0x018B	0x0188      	CLRF       PORTD
0x018C	0x2992      	GOTO       L_main44
L_main49:
;Final2.c,61 :: 		for(count3=3;count3>=0;count3--){
0x018D	0x3001      	MOVLW      1
0x018E	0x02A0      	SUBWF      _count3, 1
0x018F	0x1C03      	BTFSS      STATUS, 0
0x0190	0x03A1      	DECF       _count3+1, 1
;Final2.c,66 :: 		}
0x0191	0x294D      	GOTO       L_main43
L_main44:
;Final2.c,67 :: 		Display=0;
0x0192	0x0186      	CLRF       PORTB
;Final2.c,68 :: 		LED_YELLOW2=0;  LED_YELLOW1=0;
0x0193	0x1208      	BCF        PORTD, 4
0x0194	0x1088      	BCF        PORTD, 1
;Final2.c,69 :: 		LED_GREEN1=1;  LED_RED2=1;
0x0195	0x1508      	BSF        PORTD, 2
0x0196	0x1588      	BSF        PORTD, 3
;Final2.c,70 :: 		while(SW_M==0 && SW_M_A==1);
L_main50:
0x0197	0x1A87      	BTFSC      PORTC, 5
0x0198	0x299C      	GOTO       L_main51
0x0199	0x1E07      	BTFSS      PORTC, 4
0x019A	0x299C      	GOTO       L_main51
L__main67:
0x019B	0x2997      	GOTO       L_main50
L_main51:
;Final2.c,71 :: 		}
0x019C	0x29F4      	GOTO       L_main54
L_main42:
;Final2.c,73 :: 		LED_GREEN1=0;   LED_RED2=0;
0x019D	0x1108      	BCF        PORTD, 2
0x019E	0x1188      	BCF        PORTD, 3
;Final2.c,74 :: 		LED_YELLOW2=1;  LED_YELLOW1=1;
0x019F	0x1608      	BSF        PORTD, 4
0x01A0	0x1488      	BSF        PORTD, 1
;Final2.c,75 :: 		for(count3=3;count3>=0;count3--){
0x01A1	0x3003      	MOVLW      3
0x01A2	0x00A0      	MOVWF      _count3
0x01A3	0x3000      	MOVLW      0
0x01A4	0x00A1      	MOVWF      _count3+1
L_main55:
0x01A5	0x3080      	MOVLW      128
0x01A6	0x0621      	XORWF      _count3+1, 0
0x01A7	0x00F0      	MOVWF      R0
0x01A8	0x3080      	MOVLW      128
0x01A9	0x0270      	SUBWF      R0, 0
0x01AA	0x1D03      	BTFSS      STATUS, 2
0x01AB	0x29AE      	GOTO       L__main101
0x01AC	0x3000      	MOVLW      0
0x01AD	0x0220      	SUBWF      _count3, 0
L__main101:
0x01AE	0x1C03      	BTFSS      STATUS, 0
0x01AF	0x29EA      	GOTO       L_main56
;Final2.c,76 :: 		if(count3==0){Display=count3<<4;break;}
0x01B0	0x3000      	MOVLW      0
0x01B1	0x0621      	XORWF      _count3+1, 0
0x01B2	0x1D03      	BTFSS      STATUS, 2
0x01B3	0x29B6      	GOTO       L__main102
0x01B4	0x3000      	MOVLW      0
0x01B5	0x0620      	XORWF      _count3, 0
L__main102:
0x01B6	0x1D03      	BTFSS      STATUS, 2
0x01B7	0x29C6      	GOTO       L_main58
0x01B8	0x3004      	MOVLW      4
0x01B9	0x00F1      	MOVWF      R1
0x01BA	0x0820      	MOVF       _count3, 0
0x01BB	0x00F0      	MOVWF      R0
0x01BC	0x0871      	MOVF       R1, 0
L__main103:
0x01BD	0x1903      	BTFSC      STATUS, 2
0x01BE	0x29C3      	GOTO       L__main104
0x01BF	0x0DF0      	RLF        R0, 1
0x01C0	0x1070      	BCF        R0, 0
0x01C1	0x3EFF      	ADDLW      255
0x01C2	0x29BD      	GOTO       L__main103
L__main104:
0x01C3	0x0870      	MOVF       R0, 0
0x01C4	0x0086      	MOVWF      PORTB
0x01C5	0x29EA      	GOTO       L_main56
L_main58:
;Final2.c,78 :: 		Display=count3<<4;delay_ms(Wait);}
0x01C6	0x3004      	MOVLW      4
0x01C7	0x00F1      	MOVWF      R1
0x01C8	0x0820      	MOVF       _count3, 0
0x01C9	0x00F0      	MOVWF      R0
0x01CA	0x0871      	MOVF       R1, 0
L__main105:
0x01CB	0x1903      	BTFSC      STATUS, 2
0x01CC	0x29D1      	GOTO       L__main106
0x01CD	0x0DF0      	RLF        R0, 1
0x01CE	0x1070      	BCF        R0, 0
0x01CF	0x3EFF      	ADDLW      255
0x01D0	0x29CB      	GOTO       L__main105
L__main106:
0x01D1	0x0870      	MOVF       R0, 0
0x01D2	0x0086      	MOVWF      PORTB
0x01D3	0x300B      	MOVLW      11
0x01D4	0x00FB      	MOVWF      R11
0x01D5	0x3026      	MOVLW      38
0x01D6	0x00FC      	MOVWF      R12
0x01D7	0x305D      	MOVLW      93
0x01D8	0x00FD      	MOVWF      R13
L_main60:
0x01D9	0x0BFD      	DECFSZ     R13, 1
0x01DA	0x29D9      	GOTO       L_main60
0x01DB	0x0BFC      	DECFSZ     R12, 1
0x01DC	0x29D9      	GOTO       L_main60
0x01DD	0x0BFB      	DECFSZ     R11, 1
0x01DE	0x29D9      	GOTO       L_main60
0x01DF	0x0000      	NOP
0x01E0	0x0000      	NOP
;Final2.c,79 :: 		if(SW_M_A==0) { portd=0;break;}
0x01E1	0x1A07      	BTFSC      PORTC, 4
0x01E2	0x29E5      	GOTO       L_main61
0x01E3	0x0188      	CLRF       PORTD
0x01E4	0x29EA      	GOTO       L_main56
L_main61:
;Final2.c,75 :: 		for(count3=3;count3>=0;count3--){
0x01E5	0x3001      	MOVLW      1
0x01E6	0x02A0      	SUBWF      _count3, 1
0x01E7	0x1C03      	BTFSS      STATUS, 0
0x01E8	0x03A1      	DECF       _count3+1, 1
;Final2.c,80 :: 		}
0x01E9	0x29A5      	GOTO       L_main55
L_main56:
;Final2.c,81 :: 		Display=0;
0x01EA	0x0186      	CLRF       PORTB
;Final2.c,82 :: 		LED_YELLOW2=0;  LED_YELLOW1=0;
0x01EB	0x1208      	BCF        PORTD, 4
0x01EC	0x1088      	BCF        PORTD, 1
;Final2.c,83 :: 		LED_GREEN2=1;   LED_RED1=1;
0x01ED	0x1688      	BSF        PORTD, 5
0x01EE	0x1408      	BSF        PORTD, 0
;Final2.c,84 :: 		while(SW_M==1 && SW_M_A==1);
L_main62:
0x01EF	0x1E87      	BTFSS      PORTC, 5
0x01F0	0x29F4      	GOTO       L_main63
0x01F1	0x1E07      	BTFSS      PORTC, 4
0x01F2	0x29F4      	GOTO       L_main63
L__main66:
0x01F3	0x29EF      	GOTO       L_main62
L_main63:
;Final2.c,85 :: 		}
L_main54:
;Final2.c,86 :: 		}
L_main41:
;Final2.c,87 :: 		}
0x01F4	0x282C      	GOTO       L_main0
;Final2.c,92 :: 		}
L_end_main:
0x01F5	0x29F5      	GOTO       $+0
; end of _main
Symbol List:
//** Routines locations **
//ADDRESS    SIZE    PROCEDURE
//----------------------------------------------
0x0003       [7]    _____DoICP
0x000A      [12]    ___CC2DW
0x0016     [480]    _main
//** Variables locations ** 
//ADDRESS    SIZE    VARIABLE
//----------------------------------------------
0x0000       [1]    INDF
0x0002       [1]    PCL
0x0003       [1]    STATUS
0x0004       [1]    FSR
0x0006       [1]    PORTB
0x0007       [1]    PORTC
0x0008       [1]    PORTD
0x000A       [1]    PCLATH
0x0020       [2]    _count3
0x0022       [2]    _count2
0x0024       [2]    _count
0x0026       [2]    ___DoICPAddr
0x0070       [1]    R0
0x0071       [1]    R1
0x0072       [1]    R2
0x0073       [1]    R3
0x0074       [1]    R4
0x0075       [1]    R5
0x0076       [1]    R6
0x0077       [1]    R7
0x0078       [1]    R8
0x0079       [1]    R9
0x007A       [1]    R10
0x007B       [1]    R11
0x007C       [1]    R12
0x007D       [1]    R13
0x007E       [1]    R14
0x007F       [1]    R15
0x0085       [1]    TRISA
0x0086       [1]    TRISB
0x0087       [1]    TRISC
0x0088       [1]    TRISD
0x009F       [1]    ADCON1
